# JRE version: Java(TM) SE Runtime Environment (8.0_112-b15) (build 1.8.0_112-b15)
# Java VM: Java HotSpot(TM) 64-Bit Server VM (25.112-b15 mixed mode windows-amd64 compressed oops)
Heap:
 PSYoungGen      total 53760K, used 41876K [0x00000007bc400000, 0x00000007c0000000, 0x00000007c0000000)
  eden space 46592K, 87% used [0x00000007bc400000,0x00000007bebed2a8,0x00000007bf180000)
  from space 7168K, 13% used [0x00000007bf180000,0x00000007bf278020,0x00000007bf880000)
  to   space 6656K, 0% used [0x00000007bf980000,0x00000007bf980000,0x00000007c0000000)
 ParOldGen       total 171008K, used 83397K [0x0000000700000000, 0x000000070a700000, 0x00000007bc400000)
  object space 171008K, 48% used [0x0000000700000000,0x0000000705171470,0x000000070a700000)
 Metaspace       used 72593K, capacity 73277K, committed 73984K, reserved 1114112K
  class space    used 9782K, capacity 9925K, committed 9984K, reserved 1048576K
GC Heap History (10 events):
Event: 79167.325 GC heap before
{Heap before GC invocations=466 (full 97):
 PSYoungGen      total 52224K, used 42496K [0x00000007bc400000, 0x00000007c0000000, 0x00000007c0000000)
  eden space 41984K, 100% used [0x00000007bc400000,0x00000007bed00000,0x00000007bed00000)
  from space 10240K, 5% used [0x00000007bf600000,0x00000007bf680000,0x00000007c0000000)
  to   space 9216K, 0% used [0x00000007bed00000,0x00000007bed00000,0x00000007bf600000)
 ParOldGen       total 171008K, used 83388K [0x0000000700000000, 0x000000070a700000, 0x00000007bc400000)
  object space 171008K, 48% used [0x0000000700000000,0x000000070516f138,0x000000070a700000)
 Metaspace       used 72520K, capacity 73149K, committed 73728K, reserved 1114112K
  class space    used 9782K, capacity 9925K, committed 9984K, reserved 1048576K
Event: 79167.329 GC heap after
Heap after GC invocations=466 (full 97):
 PSYoungGen      total 51200K, used 864K [0x00000007bc400000, 0x00000007c0000000, 0x00000007c0000000)
  eden space 41984K, 0% used [0x00000007bc400000,0x00000007bc400000,0x00000007bed00000)
  from space 9216K, 9% used [0x00000007bed00000,0x00000007bedd8020,0x00000007bf600000)
  to   space 8704K, 0% used [0x00000007bf780000,0x00000007bf780000,0x00000007c0000000)
 ParOldGen       total 171008K, used 83388K [0x0000000700000000, 0x000000070a700000, 0x00000007bc400000)
  object space 171008K, 48% used [0x0000000700000000,0x000000070516f138,0x000000070a700000)
 Metaspace       used 72520K, capacity 73149K, committed 73728K, reserved 1114112K
  class space    used 9782K, capacity 9925K, committed 9984K, reserved 1048576K
}
Event: 79167.929 GC heap before
{Heap before GC invocations=467 (full 97):
 PSYoungGen      total 51200K, used 42848K [0x00000007bc400000, 0x00000007c0000000, 0x00000007c0000000)
  eden space 41984K, 100% used [0x00000007bc400000,0x00000007bed00000,0x00000007bed00000)
  from space 9216K, 9% used [0x00000007bed00000,0x00000007bedd8020,0x00000007bf600000)
  to   space 8704K, 0% used [0x00000007bf780000,0x00000007bf780000,0x00000007c0000000)
 ParOldGen       total 171008K, used 83388K [0x0000000700000000, 0x000000070a700000, 0x00000007bc400000)
  object space 171008K, 48% used [0x0000000700000000,0x000000070516f138,0x000000070a700000)
 Metaspace       used 72528K, capacity 73149K, committed 73728K, reserved 1114112K
  class space    used 9782K, capacity 9925K, committed 9984K, reserved 1048576K
Event: 79167.934 GC heap after
Heap after GC invocations=467 (full 97):
 PSYoungGen      total 53248K, used 864K [0x00000007bc400000, 0x00000007c0000000, 0x00000007c0000000)
  eden space 44544K, 0% used [0x00000007bc400000,0x00000007bc400000,0x00000007bef80000)
  from space 8704K, 9% used [0x00000007bf780000,0x00000007bf858020,0x00000007c0000000)
  to   space 8192K, 0% used [0x00000007bef80000,0x00000007bef80000,0x00000007bf780000)
 ParOldGen       total 171008K, used 83388K [0x0000000700000000, 0x000000070a700000, 0x00000007bc400000)
  object space 171008K, 48% used [0x0000000700000000,0x000000070516f138,0x000000070a700000)
 Metaspace       used 72528K, capacity 73149K, committed 73728K, reserved 1114112K
  class space    used 9782K, capacity 9925K, committed 9984K, reserved 1048576K
}
Event: 79168.994 GC heap before
{Heap before GC invocations=468 (full 97):
 PSYoungGen      total 53248K, used 45408K [0x00000007bc400000, 0x00000007c0000000, 0x00000007c0000000)
  eden space 44544K, 100% used [0x00000007bc400000,0x00000007bef80000,0x00000007bef80000)
  from space 8704K, 9% used [0x00000007bf780000,0x00000007bf858020,0x00000007c0000000)
  to   space 8192K, 0% used [0x00000007bef80000,0x00000007bef80000,0x00000007bf780000)
 ParOldGen       total 171008K, used 83388K [0x0000000700000000, 0x000000070a700000, 0x00000007bc400000)
  object space 171008K, 48% used [0x0000000700000000,0x000000070516f138,0x000000070a700000)
 Metaspace       used 72531K, capacity 73149K, committed 73728K, reserved 1114112K
  class space    used 9782K, capacity 9925K, committed 9984K, reserved 1048576K
Event: 79168.998 GC heap after
Heap after GC invocations=468 (full 97):
 PSYoungGen      total 52736K, used 928K [0x00000007bc400000, 0x00000007c0000000, 0x00000007c0000000)
  eden space 44544K, 0% used [0x00000007bc400000,0x00000007bc400000,0x00000007bef80000)
  from space 8192K, 11% used [0x00000007bef80000,0x00000007bf068020,0x00000007bf780000)
  to   space 7680K, 0% used [0x00000007bf880000,0x00000007bf880000,0x00000007c0000000)
 ParOldGen       total 171008K, used 83388K [0x0000000700000000, 0x000000070a700000, 0x00000007bc400000)
  object space 171008K, 48% used [0x0000000700000000,0x000000070516f138,0x000000070a700000)
 Metaspace       used 72531K, capacity 73149K, committed 73728K, reserved 1114112K
  class space    used 9782K, capacity 9925K, committed 9984K, reserved 1048576K
}
Event: 79170.016 GC heap before
{Heap before GC invocations=469 (full 97):
 PSYoungGen      total 52736K, used 45472K [0x00000007bc400000, 0x00000007c0000000, 0x00000007c0000000)
  eden space 44544K, 100% used [0x00000007bc400000,0x00000007bef80000,0x00000007bef80000)
  from space 8192K, 11% used [0x00000007bef80000,0x00000007bf068020,0x00000007bf780000)
  to   space 7680K, 0% used [0x00000007bf880000,0x00000007bf880000,0x00000007c0000000)
 ParOldGen       total 171008K, used 83388K [0x0000000700000000, 0x000000070a700000, 0x00000007bc400000)
  object space 171008K, 48% used [0x0000000700000000,0x000000070516f138,0x000000070a700000)
 Metaspace       used 72569K, capacity 73213K, committed 73728K, reserved 1114112K
  class space    used 9782K, capacity 9925K, committed 9984K, reserved 1048576K
Event: 79170.021 GC heap after
Heap after GC invocations=469 (full 97):
 PSYoungGen      total 54272K, used 960K [0x00000007bc400000, 0x00000007c0000000, 0x00000007c0000000)
  eden space 46592K, 0% used [0x00000007bc400000,0x00000007bc400000,0x00000007bf180000)
  from space 7680K, 12% used [0x00000007bf880000,0x00000007bf970020,0x00000007c0000000)
  to   space 7168K, 0% used [0x00000007bf180000,0x00000007bf180000,0x00000007bf880000)
 ParOldGen       total 171008K, used 83396K [0x0000000700000000, 0x000000070a700000, 0x00000007bc400000)
  object space 171008K, 48% used [0x0000000700000000,0x0000000705171138,0x000000070a700000)
 Metaspace       used 72569K, capacity 73213K, committed 73728K, reserved 1114112K
  class space    used 9782K, capacity 9925K, committed 9984K, reserved 1048576K
}
Event: 79173.334 GC heap before
{Heap before GC invocations=470 (full 97):
 PSYoungGen      total 54272K, used 47552K [0x00000007bc400000, 0x00000007c0000000, 0x00000007c0000000)
  eden space 46592K, 100% used [0x00000007bc400000,0x00000007bf180000,0x00000007bf180000)
  from space 7680K, 12% used [0x00000007bf880000,0x00000007bf970020,0x00000007c0000000)
  to   space 7168K, 0% used [0x00000007bf180000,0x00000007bf180000,0x00000007bf880000)
 ParOldGen       total 171008K, used 83397K [0x0000000700000000, 0x000000070a700000, 0x00000007bc400000)
  object space 171008K, 48% used [0x0000000700000000,0x0000000705171470,0x000000070a700000)
 Metaspace       used 72583K, capacity 73213K, committed 73728K, reserved 1114112K
  class space    used 9782K, capacity 9925K, committed 9984K, reserved 1048576K
Event: 79173.349 GC heap after
Heap after GC invocations=470 (full 97):
 PSYoungGen      total 53760K, used 992K [0x00000007bc400000, 0x00000007c0000000, 0x00000007c0000000)
  eden space 46592K, 0% used [0x00000007bc400000,0x00000007bc400000,0x00000007bf180000)
  from space 7168K, 13% used [0x00000007bf180000,0x00000007bf278020,0x00000007bf880000)
  to   space 6656K, 0% used [0x00000007bf980000,0x00000007bf980000,0x00000007c0000000)
 ParOldGen       total 171008K, used 83397K [0x0000000700000000, 0x000000070a700000, 0x00000007bc400000)
  object space 171008K, 48% used [0x0000000700000000,0x0000000705171470,0x000000070a700000)
 Metaspace       used 72583K, capacity 73213K, committed 73728K, reserved 1114112K
  class space    used 9782K, capacity 9925K, committed 9984K, reserved 1048576K
}

