# JRE version: Java(TM) SE Runtime Environment (8.0_112-b15) (build 1.8.0_112-b15)
# Java VM: Java HotSpot(TM) 64-Bit Server VM (25.112-b15 mixed mode windows-amd64 compressed oops)
Heap:
 PSYoungGen      total 57856K, used 23069K [0x00000007bc400000, 0x00000007c0000000, 0x00000007c0000000)
  eden space 54784K, 36% used [0x00000007bc400000,0x00000007bd78d2b0,0x00000007bf980000)
  from space 3072K, 99% used [0x00000007bf980000,0x00000007bfc7a3e0,0x00000007bfc80000)
  to   space 3584K, 0% used [0x00000007bfc80000,0x00000007bfc80000,0x00000007c0000000)
 ParOldGen       total 110080K, used 72709K [0x0000000700000000, 0x0000000706b80000, 0x00000007bc400000)
  object space 110080K, 66% used [0x0000000700000000,0x0000000704701698,0x0000000706b80000)
 Metaspace       used 75758K, capacity 76529K, committed 77184K, reserved 1116160K
  class space    used 10337K, capacity 10509K, committed 10624K, reserved 1048576K
GC Heap History (10 events):
Event: 28234.214 GC heap before
{Heap before GC invocations=678 (full 90):
 PSYoungGen      total 57344K, used 53888K [0x00000007bc400000, 0x00000007c0000000, 0x00000007c0000000)
  eden space 53248K, 100% used [0x00000007bc400000,0x00000007bf800000,0x00000007bf800000)
  from space 4096K, 15% used [0x00000007bf800000,0x00000007bf8a0000,0x00000007bfc00000)
  to   space 3584K, 0% used [0x00000007bfc80000,0x00000007bfc80000,0x00000007c0000000)
 ParOldGen       total 110080K, used 67301K [0x0000000700000000, 0x0000000706b80000, 0x00000007bc400000)
  object space 110080K, 61% used [0x0000000700000000,0x00000007041b97f0,0x0000000706b80000)
 Metaspace       used 75756K, capacity 76529K, committed 77184K, reserved 1116160K
  class space    used 10337K, capacity 10509K, committed 10624K, reserved 1048576K
Event: 28234.220 GC heap after
Heap after GC invocations=678 (full 90):
 PSYoungGen      total 57856K, used 736K [0x00000007bc400000, 0x00000007c0000000, 0x00000007c0000000)
  eden space 54272K, 0% used [0x00000007bc400000,0x00000007bc400000,0x00000007bf900000)
  from space 3584K, 20% used [0x00000007bfc80000,0x00000007bfd38000,0x00000007c0000000)
  to   space 3584K, 0% used [0x00000007bf900000,0x00000007bf900000,0x00000007bfc80000)
 ParOldGen       total 110080K, used 67429K [0x0000000700000000, 0x0000000706b80000, 0x00000007bc400000)
  object space 110080K, 61% used [0x0000000700000000,0x00000007041d97f0,0x0000000706b80000)
 Metaspace       used 75756K, capacity 76529K, committed 77184K, reserved 1116160K
  class space    used 10337K, capacity 10509K, committed 10624K, reserved 1048576K
}
Event: 28235.056 GC heap before
{Heap before GC invocations=679 (full 90):
 PSYoungGen      total 57856K, used 12799K [0x00000007bc400000, 0x00000007c0000000, 0x00000007c0000000)
  eden space 54272K, 22% used [0x00000007bc400000,0x00000007bcfc7dc8,0x00000007bf900000)
  from space 3584K, 20% used [0x00000007bfc80000,0x00000007bfd38000,0x00000007c0000000)
  to   space 3584K, 0% used [0x00000007bf900000,0x00000007bf900000,0x00000007bfc80000)
 ParOldGen       total 110080K, used 67429K [0x0000000700000000, 0x0000000706b80000, 0x00000007bc400000)
  object space 110080K, 61% used [0x0000000700000000,0x00000007041d97f0,0x0000000706b80000)
 Metaspace       used 75756K, capacity 76529K, committed 77184K, reserved 1116160K
  class space    used 10337K, capacity 10509K, committed 10624K, reserved 1048576K
Event: 28235.060 GC heap after
Heap after GC invocations=679 (full 90):
 PSYoungGen      total 57856K, used 320K [0x00000007bc400000, 0x00000007c0000000, 0x00000007c0000000)
  eden space 54272K, 0% used [0x00000007bc400000,0x00000007bc400000,0x00000007bf900000)
  from space 3584K, 8% used [0x00000007bf900000,0x00000007bf950000,0x00000007bfc80000)
  to   space 3584K, 0% used [0x00000007bfc80000,0x00000007bfc80000,0x00000007c0000000)
 ParOldGen       total 110080K, used 67565K [0x0000000700000000, 0x0000000706b80000, 0x00000007bc400000)
  object space 110080K, 61% used [0x0000000700000000,0x00000007041fb7f0,0x0000000706b80000)
 Metaspace       used 75756K, capacity 76529K, committed 77184K, reserved 1116160K
  class space    used 10337K, capacity 10509K, committed 10624K, reserved 1048576K
}
Event: 28236.437 GC heap before
{Heap before GC invocations=680 (full 90):
 PSYoungGen      total 57856K, used 16904K [0x00000007bc400000, 0x00000007c0000000, 0x00000007c0000000)
  eden space 54272K, 30% used [0x00000007bc400000,0x00000007bd432088,0x00000007bf900000)
  from space 3584K, 8% used [0x00000007bf900000,0x00000007bf950000,0x00000007bfc80000)
  to   space 3584K, 0% used [0x00000007bfc80000,0x00000007bfc80000,0x00000007c0000000)
 ParOldGen       total 110080K, used 67565K [0x0000000700000000, 0x0000000706b80000, 0x00000007bc400000)
  object space 110080K, 61% used [0x0000000700000000,0x00000007041fb7f0,0x0000000706b80000)
 Metaspace       used 75757K, capacity 76529K, committed 77184K, reserved 1116160K
  class space    used 10337K, capacity 10509K, committed 10624K, reserved 1048576K
Event: 28236.441 GC heap after
Heap after GC invocations=680 (full 90):
 PSYoungGen      total 58368K, used 416K [0x00000007bc400000, 0x00000007c0000000, 0x00000007c0000000)
  eden space 54784K, 0% used [0x00000007bc400000,0x00000007bc400000,0x00000007bf980000)
  from space 3584K, 11% used [0x00000007bfc80000,0x00000007bfce8000,0x00000007c0000000)
  to   space 3072K, 0% used [0x00000007bf980000,0x00000007bf980000,0x00000007bfc80000)
 ParOldGen       total 110080K, used 67629K [0x0000000700000000, 0x0000000706b80000, 0x00000007bc400000)
  object space 110080K, 61% used [0x0000000700000000,0x000000070420b7f0,0x0000000706b80000)
 Metaspace       used 75757K, capacity 76529K, committed 77184K, reserved 1116160K
  class space    used 10337K, capacity 10509K, committed 10624K, reserved 1048576K
}
Event: 28236.441 GC heap before
{Heap before GC invocations=681 (full 91):
 PSYoungGen      total 58368K, used 416K [0x00000007bc400000, 0x00000007c0000000, 0x00000007c0000000)
  eden space 54784K, 0% used [0x00000007bc400000,0x00000007bc400000,0x00000007bf980000)
  from space 3584K, 11% used [0x00000007bfc80000,0x00000007bfce8000,0x00000007c0000000)
  to   space 3072K, 0% used [0x00000007bf980000,0x00000007bf980000,0x00000007bfc80000)
 ParOldGen       total 110080K, used 67629K [0x0000000700000000, 0x0000000706b80000, 0x00000007bc400000)
  object space 110080K, 61% used [0x0000000700000000,0x000000070420b7f0,0x0000000706b80000)
 Metaspace       used 75757K, capacity 76529K, committed 77184K, reserved 1116160K
  class space    used 10337K, capacity 10509K, committed 10624K, reserved 1048576K
Event: 28236.593 GC heap after
Heap after GC invocations=681 (full 91):
 PSYoungGen      total 58368K, used 0K [0x00000007bc400000, 0x00000007c0000000, 0x00000007c0000000)
  eden space 54784K, 0% used [0x00000007bc400000,0x00000007bc400000,0x00000007bf980000)
  from space 3584K, 0% used [0x00000007bfc80000,0x00000007bfc80000,0x00000007c0000000)
  to   space 3072K, 0% used [0x00000007bf980000,0x00000007bf980000,0x00000007bfc80000)
 ParOldGen       total 110080K, used 67323K [0x0000000700000000, 0x0000000706b80000, 0x00000007bc400000)
  object space 110080K, 61% used [0x0000000700000000,0x00000007041beed8,0x0000000706b80000)
 Metaspace       used 75757K, capacity 76529K, committed 77184K, reserved 1116160K
  class space    used 10337K, capacity 10509K, committed 10624K, reserved 1048576K
}
Event: 28241.347 GC heap before
{Heap before GC invocations=682 (full 91):
 PSYoungGen      total 58368K, used 54784K [0x00000007bc400000, 0x00000007c0000000, 0x00000007c0000000)
  eden space 54784K, 100% used [0x00000007bc400000,0x00000007bf980000,0x00000007bf980000)
  from space 3584K, 0% used [0x00000007bfc80000,0x00000007bfc80000,0x00000007c0000000)
  to   space 3072K, 0% used [0x00000007bf980000,0x00000007bf980000,0x00000007bfc80000)
 ParOldGen       total 110080K, used 67323K [0x0000000700000000, 0x0000000706b80000, 0x00000007bc400000)
  object space 110080K, 61% used [0x0000000700000000,0x00000007041beed8,0x0000000706b80000)
 Metaspace       used 75757K, capacity 76529K, committed 77184K, reserved 1116160K
  class space    used 10337K, capacity 10509K, committed 10624K, reserved 1048576K
Event: 28241.356 GC heap after
Heap after GC invocations=682 (full 91):
 PSYoungGen      total 57856K, used 3048K [0x00000007bc400000, 0x00000007c0000000, 0x00000007c0000000)
  eden space 54784K, 0% used [0x00000007bc400000,0x00000007bc400000,0x00000007bf980000)
  from space 3072K, 99% used [0x00000007bf980000,0x00000007bfc7a3e0,0x00000007bfc80000)
  to   space 3584K, 0% used [0x00000007bfc80000,0x00000007bfc80000,0x00000007c0000000)
 ParOldGen       total 110080K, used 72709K [0x0000000700000000, 0x0000000706b80000, 0x00000007bc400000)
  object space 110080K, 66% used [0x0000000700000000,0x0000000704701698,0x0000000706b80000)
 Metaspace       used 75757K, capacity 76529K, committed 77184K, reserved 1116160K
  class space    used 10337K, capacity 10509K, committed 10624K, reserved 1048576K
}

