# JRE version: Java(TM) SE Runtime Environment (8.0_112-b15) (build 1.8.0_112-b15)
# Java VM: Java HotSpot(TM) 64-Bit Server VM (25.112-b15 mixed mode windows-amd64 compressed oops)
Heap:
 PSYoungGen      total 58368K, used 4707K [0x00000007bc400000, 0x00000007c0000000, 0x00000007c0000000)
  eden space 55808K, 8% used [0x00000007bc400000,0x00000007bc898ef0,0x00000007bfa80000)
  from space 2560K, 0% used [0x00000007bfa80000,0x00000007bfa80000,0x00000007bfd00000)
  to   space 2560K, 0% used [0x00000007bfd80000,0x00000007bfd80000,0x00000007c0000000)
 ParOldGen       total 156160K, used 72803K [0x0000000700000000, 0x0000000709880000, 0x00000007bc400000)
  object space 156160K, 46% used [0x0000000700000000,0x0000000704718ff0,0x0000000709880000)
 Metaspace       used 76510K, capacity 77249K, committed 77952K, reserved 1116160K
  class space    used 10101K, capacity 10243K, committed 10368K, reserved 1048576K
GC Heap History (10 events):
Event: 12045.214 GC heap before
{Heap before GC invocations=2408 (full 766):
 PSYoungGen      total 57856K, used 55008K [0x00000007bc400000, 0x00000007c0000000, 0x00000007c0000000)
  eden space 54272K, 100% used [0x00000007bc400000,0x00000007bf900000,0x00000007bf900000)
  from space 3584K, 20% used [0x00000007bf900000,0x00000007bf9b8000,0x00000007bfc80000)
  to   space 3072K, 0% used [0x00000007bfd00000,0x00000007bfd00000,0x00000007c0000000)
 ParOldGen       total 156160K, used 72881K [0x0000000700000000, 0x0000000709880000, 0x00000007bc400000)
  object space 156160K, 46% used [0x0000000700000000,0x000000070472c5f0,0x0000000709880000)
 Metaspace       used 76508K, capacity 77249K, committed 77952K, reserved 1116160K
  class space    used 10101K, capacity 10243K, committed 10368K, reserved 1048576K
Event: 12045.220 GC heap after
Heap after GC invocations=2408 (full 766):
 PSYoungGen      total 58368K, used 640K [0x00000007bc400000, 0x00000007c0000000, 0x00000007c0000000)
  eden space 55296K, 0% used [0x00000007bc400000,0x00000007bc400000,0x00000007bfa00000)
  from space 3072K, 20% used [0x00000007bfd00000,0x00000007bfda0000,0x00000007c0000000)
  to   space 3072K, 0% used [0x00000007bfa00000,0x00000007bfa00000,0x00000007bfd00000)
 ParOldGen       total 156160K, used 72881K [0x0000000700000000, 0x0000000709880000, 0x00000007bc400000)
  object space 156160K, 46% used [0x0000000700000000,0x000000070472c5f0,0x0000000709880000)
 Metaspace       used 76508K, capacity 77249K, committed 77952K, reserved 1116160K
  class space    used 10101K, capacity 10243K, committed 10368K, reserved 1048576K
}
Event: 12046.691 GC heap before
{Heap before GC invocations=2409 (full 766):
 PSYoungGen      total 58368K, used 55936K [0x00000007bc400000, 0x00000007c0000000, 0x00000007c0000000)
  eden space 55296K, 100% used [0x00000007bc400000,0x00000007bfa00000,0x00000007bfa00000)
  from space 3072K, 20% used [0x00000007bfd00000,0x00000007bfda0000,0x00000007c0000000)
  to   space 3072K, 0% used [0x00000007bfa00000,0x00000007bfa00000,0x00000007bfd00000)
 ParOldGen       total 156160K, used 72881K [0x0000000700000000, 0x0000000709880000, 0x00000007bc400000)
  object space 156160K, 46% used [0x0000000700000000,0x000000070472c5f0,0x0000000709880000)
 Metaspace       used 76508K, capacity 77249K, committed 77952K, reserved 1116160K
  class space    used 10101K, capacity 10243K, committed 10368K, reserved 1048576K
Event: 12046.697 GC heap after
Heap after GC invocations=2409 (full 766):
 PSYoungGen      total 58368K, used 512K [0x00000007bc400000, 0x00000007c0000000, 0x00000007c0000000)
  eden space 55296K, 0% used [0x00000007bc400000,0x00000007bc400000,0x00000007bfa00000)
  from space 3072K, 16% used [0x00000007bfa00000,0x00000007bfa80000,0x00000007bfd00000)
  to   space 3072K, 0% used [0x00000007bfd00000,0x00000007bfd00000,0x00000007c0000000)
 ParOldGen       total 156160K, used 72881K [0x0000000700000000, 0x0000000709880000, 0x00000007bc400000)
  object space 156160K, 46% used [0x0000000700000000,0x000000070472c5f0,0x0000000709880000)
 Metaspace       used 76508K, capacity 77249K, committed 77952K, reserved 1116160K
  class space    used 10101K, capacity 10243K, committed 10368K, reserved 1048576K
}
Event: 12048.966 GC heap before
{Heap before GC invocations=2410 (full 766):
 PSYoungGen      total 58368K, used 55808K [0x00000007bc400000, 0x00000007c0000000, 0x00000007c0000000)
  eden space 55296K, 100% used [0x00000007bc400000,0x00000007bfa00000,0x00000007bfa00000)
  from space 3072K, 16% used [0x00000007bfa00000,0x00000007bfa80000,0x00000007bfd00000)
  to   space 3072K, 0% used [0x00000007bfd00000,0x00000007bfd00000,0x00000007c0000000)
 ParOldGen       total 156160K, used 72881K [0x0000000700000000, 0x0000000709880000, 0x00000007bc400000)
  object space 156160K, 46% used [0x0000000700000000,0x000000070472c5f0,0x0000000709880000)
 Metaspace       used 76510K, capacity 77249K, committed 77952K, reserved 1116160K
  class space    used 10101K, capacity 10243K, committed 10368K, reserved 1048576K
Event: 12048.976 GC heap after
Heap after GC invocations=2410 (full 766):
 PSYoungGen      total 58880K, used 800K [0x00000007bc400000, 0x00000007c0000000, 0x00000007c0000000)
  eden space 55808K, 0% used [0x00000007bc400000,0x00000007bc400000,0x00000007bfa80000)
  from space 3072K, 26% used [0x00000007bfd00000,0x00000007bfdc8000,0x00000007c0000000)
  to   space 2560K, 0% used [0x00000007bfa80000,0x00000007bfa80000,0x00000007bfd00000)
 ParOldGen       total 156160K, used 72881K [0x0000000700000000, 0x0000000709880000, 0x00000007bc400000)
  object space 156160K, 46% used [0x0000000700000000,0x000000070472c5f0,0x0000000709880000)
 Metaspace       used 76510K, capacity 77249K, committed 77952K, reserved 1116160K
  class space    used 10101K, capacity 10243K, committed 10368K, reserved 1048576K
}
Event: 12049.979 GC heap before
{Heap before GC invocations=2411 (full 766):
 PSYoungGen      total 58880K, used 17636K [0x00000007bc400000, 0x00000007c0000000, 0x00000007c0000000)
  eden space 55808K, 30% used [0x00000007bc400000,0x00000007bd471058,0x00000007bfa80000)
  from space 3072K, 26% used [0x00000007bfd00000,0x00000007bfdc8000,0x00000007c0000000)
  to   space 2560K, 0% used [0x00000007bfa80000,0x00000007bfa80000,0x00000007bfd00000)
 ParOldGen       total 156160K, used 72881K [0x0000000700000000, 0x0000000709880000, 0x00000007bc400000)
  object space 156160K, 46% used [0x0000000700000000,0x000000070472c5f0,0x0000000709880000)
 Metaspace       used 76510K, capacity 77249K, committed 77952K, reserved 1116160K
  class space    used 10101K, capacity 10243K, committed 10368K, reserved 1048576K
Event: 12049.983 GC heap after
Heap after GC invocations=2411 (full 766):
 PSYoungGen      total 58368K, used 640K [0x00000007bc400000, 0x00000007c0000000, 0x00000007c0000000)
  eden space 55808K, 0% used [0x00000007bc400000,0x00000007bc400000,0x00000007bfa80000)
  from space 2560K, 25% used [0x00000007bfa80000,0x00000007bfb20000,0x00000007bfd00000)
  to   space 2560K, 0% used [0x00000007bfd80000,0x00000007bfd80000,0x00000007c0000000)
 ParOldGen       total 156160K, used 72881K [0x0000000700000000, 0x0000000709880000, 0x00000007bc400000)
  object space 156160K, 46% used [0x0000000700000000,0x000000070472c5f0,0x0000000709880000)
 Metaspace       used 76510K, capacity 77249K, committed 77952K, reserved 1116160K
  class space    used 10101K, capacity 10243K, committed 10368K, reserved 1048576K
}
Event: 12049.983 GC heap before
{Heap before GC invocations=2412 (full 767):
 PSYoungGen      total 58368K, used 640K [0x00000007bc400000, 0x00000007c0000000, 0x00000007c0000000)
  eden space 55808K, 0% used [0x00000007bc400000,0x00000007bc400000,0x00000007bfa80000)
  from space 2560K, 25% used [0x00000007bfa80000,0x00000007bfb20000,0x00000007bfd00000)
  to   space 2560K, 0% used [0x00000007bfd80000,0x00000007bfd80000,0x00000007c0000000)
 ParOldGen       total 156160K, used 72881K [0x0000000700000000, 0x0000000709880000, 0x00000007bc400000)
  object space 156160K, 46% used [0x0000000700000000,0x000000070472c5f0,0x0000000709880000)
 Metaspace       used 76510K, capacity 77249K, committed 77952K, reserved 1116160K
  class space    used 10101K, capacity 10243K, committed 10368K, reserved 1048576K
Event: 12050.131 GC heap after
Heap after GC invocations=2412 (full 767):
 PSYoungGen      total 58368K, used 0K [0x00000007bc400000, 0x00000007c0000000, 0x00000007c0000000)
  eden space 55808K, 0% used [0x00000007bc400000,0x00000007bc400000,0x00000007bfa80000)
  from space 2560K, 0% used [0x00000007bfa80000,0x00000007bfa80000,0x00000007bfd00000)
  to   space 2560K, 0% used [0x00000007bfd80000,0x00000007bfd80000,0x00000007c0000000)
 ParOldGen       total 156160K, used 72803K [0x0000000700000000, 0x0000000709880000, 0x00000007bc400000)
  object space 156160K, 46% used [0x0000000700000000,0x0000000704718ff0,0x0000000709880000)
 Metaspace       used 76510K, capacity 77249K, committed 77952K, reserved 1116160K
  class space    used 10101K, capacity 10243K, committed 10368K, reserved 1048576K
}

