# JRE version: Java(TM) SE Runtime Environment (8.0_112-b15) (build 1.8.0_112-b15)
# Java VM: Java HotSpot(TM) 64-Bit Server VM (25.112-b15 mixed mode windows-amd64 compressed oops)
Heap:
 PSYoungGen      total 59904K, used 54406K [0x00000007bc400000, 0x00000007c0000000, 0x00000007c0000000)
  eden space 58368K, 91% used [0x00000007bc400000,0x00000007bf8008f8,0x00000007bfd00000)
  from space 1536K, 75% used [0x00000007bfe80000,0x00000007bffa12e8,0x00000007c0000000)
  to   space 1536K, 0% used [0x00000007bfd00000,0x00000007bfd00000,0x00000007bfe80000)
 ParOldGen       total 109056K, used 52487K [0x0000000700000000, 0x0000000706a80000, 0x00000007bc400000)
  object space 109056K, 48% used [0x0000000700000000,0x0000000703341fa0,0x0000000706a80000)
 Metaspace       used 73849K, capacity 74515K, committed 75264K, reserved 1114112K
  class space    used 10218K, capacity 10378K, committed 10496K, reserved 1048576K
GC Heap History (10 events):
Event: 34789.137 GC heap before
{Heap before GC invocations=778 (full 267):
 PSYoungGen      total 59904K, used 546K [0x00000007bc400000, 0x00000007c0000000, 0x00000007c0000000)
  eden space 58368K, 0% used [0x00000007bc400000,0x00000007bc400000,0x00000007bfd00000)
  from space 1536K, 35% used [0x00000007bfd00000,0x00000007bfd88b78,0x00000007bfe80000)
  to   space 1536K, 0% used [0x00000007bfe80000,0x00000007bfe80000,0x00000007c0000000)
 ParOldGen       total 109056K, used 58125K [0x0000000700000000, 0x0000000706a80000, 0x00000007bc400000)
  object space 109056K, 53% used [0x0000000700000000,0x00000007038c3478,0x0000000706a80000)
 Metaspace       used 73810K, capacity 74503K, committed 75264K, reserved 1114112K
  class space    used 10217K, capacity 10376K, committed 10496K, reserved 1048576K
Event: 34789.319 GC heap after
Heap after GC invocations=778 (full 267):
 PSYoungGen      total 59904K, used 0K [0x00000007bc400000, 0x00000007c0000000, 0x00000007c0000000)
  eden space 58368K, 0% used [0x00000007bc400000,0x00000007bc400000,0x00000007bfd00000)
  from space 1536K, 0% used [0x00000007bfd00000,0x00000007bfd00000,0x00000007bfe80000)
  to   space 1536K, 0% used [0x00000007bfe80000,0x00000007bfe80000,0x00000007c0000000)
 ParOldGen       total 109056K, used 52216K [0x0000000700000000, 0x0000000706a80000, 0x00000007bc400000)
  object space 109056K, 47% used [0x0000000700000000,0x00000007032fe310,0x0000000706a80000)
 Metaspace       used 73810K, capacity 74503K, committed 75264K, reserved 1114112K
  class space    used 10217K, capacity 10376K, committed 10496K, reserved 1048576K
}
Event: 34793.863 GC heap before
{Heap before GC invocations=779 (full 267):
 PSYoungGen      total 59904K, used 44351K [0x00000007bc400000, 0x00000007c0000000, 0x00000007c0000000)
  eden space 58368K, 75% used [0x00000007bc400000,0x00000007bef4fe20,0x00000007bfd00000)
  from space 1536K, 0% used [0x00000007bfd00000,0x00000007bfd00000,0x00000007bfe80000)
  to   space 1536K, 0% used [0x00000007bfe80000,0x00000007bfe80000,0x00000007c0000000)
 ParOldGen       total 109056K, used 52216K [0x0000000700000000, 0x0000000706a80000, 0x00000007bc400000)
  object space 109056K, 47% used [0x0000000700000000,0x00000007032fe310,0x0000000706a80000)
 Metaspace       used 73810K, capacity 74503K, committed 75264K, reserved 1114112K
  class space    used 10217K, capacity 10376K, committed 10496K, reserved 1048576K
Event: 34793.914 GC heap after
Heap after GC invocations=779 (full 267):
 PSYoungGen      total 59904K, used 930K [0x00000007bc400000, 0x00000007c0000000, 0x00000007c0000000)
  eden space 58368K, 0% used [0x00000007bc400000,0x00000007bc400000,0x00000007bfd00000)
  from space 1536K, 60% used [0x00000007bfe80000,0x00000007bff68aa8,0x00000007c0000000)
  to   space 1536K, 0% used [0x00000007bfd00000,0x00000007bfd00000,0x00000007bfe80000)
 ParOldGen       total 109056K, used 52216K [0x0000000700000000, 0x0000000706a80000, 0x00000007bc400000)
  object space 109056K, 47% used [0x0000000700000000,0x00000007032fe310,0x0000000706a80000)
 Metaspace       used 73810K, capacity 74503K, committed 75264K, reserved 1114112K
  class space    used 10217K, capacity 10376K, committed 10496K, reserved 1048576K
}
Event: 34793.914 GC heap before
{Heap before GC invocations=780 (full 268):
 PSYoungGen      total 59904K, used 930K [0x00000007bc400000, 0x00000007c0000000, 0x00000007c0000000)
  eden space 58368K, 0% used [0x00000007bc400000,0x00000007bc400000,0x00000007bfd00000)
  from space 1536K, 60% used [0x00000007bfe80000,0x00000007bff68aa8,0x00000007c0000000)
  to   space 1536K, 0% used [0x00000007bfd00000,0x00000007bfd00000,0x00000007bfe80000)
 ParOldGen       total 109056K, used 52216K [0x0000000700000000, 0x0000000706a80000, 0x00000007bc400000)
  object space 109056K, 47% used [0x0000000700000000,0x00000007032fe310,0x0000000706a80000)
 Metaspace       used 73810K, capacity 74503K, committed 75264K, reserved 1114112K
  class space    used 10217K, capacity 10376K, committed 10496K, reserved 1048576K
Event: 34794.017 GC heap after
Heap after GC invocations=780 (full 268):
 PSYoungGen      total 59904K, used 0K [0x00000007bc400000, 0x00000007c0000000, 0x00000007c0000000)
  eden space 58368K, 0% used [0x00000007bc400000,0x00000007bc400000,0x00000007bfd00000)
  from space 1536K, 0% used [0x00000007bfe80000,0x00000007bfe80000,0x00000007c0000000)
  to   space 1536K, 0% used [0x00000007bfd00000,0x00000007bfd00000,0x00000007bfe80000)
 ParOldGen       total 109056K, used 52487K [0x0000000700000000, 0x0000000706a80000, 0x00000007bc400000)
  object space 109056K, 48% used [0x0000000700000000,0x0000000703341fa0,0x0000000706a80000)
 Metaspace       used 73810K, capacity 74503K, committed 75264K, reserved 1114112K
  class space    used 10217K, capacity 10376K, committed 10496K, reserved 1048576K
}
Event: 34799.484 GC heap before
{Heap before GC invocations=781 (full 268):
 PSYoungGen      total 59904K, used 58368K [0x00000007bc400000, 0x00000007c0000000, 0x00000007c0000000)
  eden space 58368K, 100% used [0x00000007bc400000,0x00000007bfd00000,0x00000007bfd00000)
  from space 1536K, 0% used [0x00000007bfe80000,0x00000007bfe80000,0x00000007c0000000)
  to   space 1536K, 0% used [0x00000007bfd00000,0x00000007bfd00000,0x00000007bfe80000)
 ParOldGen       total 109056K, used 52487K [0x0000000700000000, 0x0000000706a80000, 0x00000007bc400000)
  object space 109056K, 48% used [0x0000000700000000,0x0000000703341fa0,0x0000000706a80000)
 Metaspace       used 73814K, capacity 74509K, committed 75264K, reserved 1114112K
  class space    used 10218K, capacity 10377K, committed 10496K, reserved 1048576K
Event: 34799.508 GC heap after
Heap after GC invocations=781 (full 268):
 PSYoungGen      total 59904K, used 384K [0x00000007bc400000, 0x00000007c0000000, 0x00000007c0000000)
  eden space 58368K, 0% used [0x00000007bc400000,0x00000007bc400000,0x00000007bfd00000)
  from space 1536K, 25% used [0x00000007bfd00000,0x00000007bfd60000,0x00000007bfe80000)
  to   space 1536K, 0% used [0x00000007bfe80000,0x00000007bfe80000,0x00000007c0000000)
 ParOldGen       total 109056K, used 52487K [0x0000000700000000, 0x0000000706a80000, 0x00000007bc400000)
  object space 109056K, 48% used [0x0000000700000000,0x0000000703341fa0,0x0000000706a80000)
 Metaspace       used 73814K, capacity 74509K, committed 75264K, reserved 1114112K
  class space    used 10218K, capacity 10377K, committed 10496K, reserved 1048576K
}
Event: 34803.949 GC heap before
{Heap before GC invocations=782 (full 268):
 PSYoungGen      total 59904K, used 58752K [0x00000007bc400000, 0x00000007c0000000, 0x00000007c0000000)
  eden space 58368K, 100% used [0x00000007bc400000,0x00000007bfd00000,0x00000007bfd00000)
  from space 1536K, 25% used [0x00000007bfd00000,0x00000007bfd60000,0x00000007bfe80000)
  to   space 1536K, 0% used [0x00000007bfe80000,0x00000007bfe80000,0x00000007c0000000)
 ParOldGen       total 109056K, used 52487K [0x0000000700000000, 0x0000000706a80000, 0x00000007bc400000)
  object space 109056K, 48% used [0x0000000700000000,0x0000000703341fa0,0x0000000706a80000)
 Metaspace       used 73837K, capacity 74509K, committed 75264K, reserved 1114112K
  class space    used 10218K, capacity 10377K, committed 10496K, reserved 1048576K
Event: 34803.954 GC heap after
Heap after GC invocations=782 (full 268):
 PSYoungGen      total 59904K, used 1156K [0x00000007bc400000, 0x00000007c0000000, 0x00000007c0000000)
  eden space 58368K, 0% used [0x00000007bc400000,0x00000007bc400000,0x00000007bfd00000)
  from space 1536K, 75% used [0x00000007bfe80000,0x00000007bffa12e8,0x00000007c0000000)
  to   space 1536K, 0% used [0x00000007bfd00000,0x00000007bfd00000,0x00000007bfe80000)
 ParOldGen       total 109056K, used 52487K [0x0000000700000000, 0x0000000706a80000, 0x00000007bc400000)
  object space 109056K, 48% used [0x0000000700000000,0x0000000703341fa0,0x0000000706a80000)
 Metaspace       used 73837K, capacity 74509K, committed 75264K, reserved 1114112K
  class space    used 10218K, capacity 10377K, committed 10496K, reserved 1048576K
}

